::1 - - [01/Jun/2021:11:36:22 +0000] "GET / HTTP/1.1" 200 7876 "http://localhost:8080/user/sign-in" "Mozilla/5.0 (Windows NT 10.0; Win64; x64) AppleWebKit/537.36 (KHTML, like Gecko) Chrome/91.0.4472.77 Safari/537.36"
::1 - - [01/Jun/2021:12:27:02 +0000] "GET / HTTP/1.1" 200 7876 "-" "Mozilla/5.0 (Windows NT 10.0; Win64; x64) AppleWebKit/537.36 (KHTML, like Gecko) Chrome/91.0.4472.77 Safari/537.36"
::1 - - [01/Jun/2021:12:27:02 +0000] "GET /css/layout.css HTTP/1.1" 404 153 "http://localhost:8080/" "Mozilla/5.0 (Windows NT 10.0; Win64; x64) AppleWebKit/537.36 (KHTML, like Gecko) Chrome/91.0.4472.77 Safari/537.36"
::1 - - [01/Jun/2021:12:27:02 +0000] "GET /css/home.css HTTP/1.1" 404 151 "http://localhost:8080/" "Mozilla/5.0 (Windows NT 10.0; Win64; x64) AppleWebKit/537.36 (KHTML, like Gecko) Chrome/91.0.4472.77 Safari/537.36"
::1 - - [01/Jun/2021:12:27:02 +0000] "GET /css/chatbox.css HTTP/1.1" 404 154 "http://localhost:8080/" "Mozilla/5.0 (Windows NT 10.0; Win64; x64) AppleWebKit/537.36 (KHTML, like Gecko) Chrome/91.0.4472.77 Safari/537.36"
::1 - - [01/Jun/2021:12:27:02 +0000] "GET /css/postform.css HTTP/1.1" 404 155 "http://localhost:8080/" "Mozilla/5.0 (Windows NT 10.0; Win64; x64) AppleWebKit/537.36 (KHTML, like Gecko) Chrome/91.0.4472.77 Safari/537.36"
::1 - - [01/Jun/2021:12:27:02 +0000] "GET /css/post.css HTTP/1.1" 404 151 "http://localhost:8080/" "Mozilla/5.0 (Windows NT 10.0; Win64; x64) AppleWebKit/537.36 (KHTML, like Gecko) Chrome/91.0.4472.77 Safari/537.36"
::1 - - [01/Jun/2021:12:27:02 +0000] "GET /scripts/layout.js HTTP/1.1" 404 156 "http://localhost:8080/" "Mozilla/5.0 (Windows NT 10.0; Win64; x64) AppleWebKit/537.36 (KHTML, like Gecko) Chrome/91.0.4472.77 Safari/537.36"
::1 - - [01/Jun/2021:12:27:02 +0000] "GET /css/header.css HTTP/1.1" 404 153 "http://localhost:8080/" "Mozilla/5.0 (Windows NT 10.0; Win64; x64) AppleWebKit/537.36 (KHTML, like Gecko) Chrome/91.0.4472.77 Safari/537.36"
::1 - - [01/Jun/2021:12:27:02 +0000] "GET /scripts/home_posts.js HTTP/1.1" 404 160 "http://localhost:8080/" "Mozilla/5.0 (Windows NT 10.0; Win64; x64) AppleWebKit/537.36 (KHTML, like Gecko) Chrome/91.0.4472.77 Safari/537.36"
::1 - - [01/Jun/2021:12:27:02 +0000] "GET /scripts/chat_engine.js HTTP/1.1" 404 161 "http://localhost:8080/" "Mozilla/5.0 (Windows NT 10.0; Win64; x64) AppleWebKit/537.36 (KHTML, like Gecko) Chrome/91.0.4472.77 Safari/537.36"
::1 - - [01/Jun/2021:12:27:03 +0000] "GET /css/layout.css HTTP/1.1" 404 153 "http://localhost:8080/" "Mozilla/5.0 (Windows NT 10.0; Win64; x64) AppleWebKit/537.36 (KHTML, like Gecko) Chrome/91.0.4472.77 Safari/537.36"
::1 - - [01/Jun/2021:12:27:03 +0000] "GET /css/post.css HTTP/1.1" 404 151 "http://localhost:8080/" "Mozilla/5.0 (Windows NT 10.0; Win64; x64) AppleWebKit/537.36 (KHTML, like Gecko) Chrome/91.0.4472.77 Safari/537.36"
::1 - - [01/Jun/2021:12:27:03 +0000] "GET /css/postform.css HTTP/1.1" 404 155 "http://localhost:8080/" "Mozilla/5.0 (Windows NT 10.0; Win64; x64) AppleWebKit/537.36 (KHTML, like Gecko) Chrome/91.0.4472.77 Safari/537.36"
::1 - - [01/Jun/2021:12:27:03 +0000] "GET /css/chatbox.css HTTP/1.1" 404 154 "http://localhost:8080/" "Mozilla/5.0 (Windows NT 10.0; Win64; x64) AppleWebKit/537.36 (KHTML, like Gecko) Chrome/91.0.4472.77 Safari/537.36"
::1 - - [01/Jun/2021:12:27:03 +0000] "GET /css/home.css HTTP/1.1" 404 151 "http://localhost:8080/" "Mozilla/5.0 (Windows NT 10.0; Win64; x64) AppleWebKit/537.36 (KHTML, like Gecko) Chrome/91.0.4472.77 Safari/537.36"
::1 - - [01/Jun/2021:12:27:03 +0000] "GET /css/header.css HTTP/1.1" 404 153 "http://localhost:8080/" "Mozilla/5.0 (Windows NT 10.0; Win64; x64) AppleWebKit/537.36 (KHTML, like Gecko) Chrome/91.0.4472.77 Safari/537.36"
::1 - - [01/Jun/2021:12:27:03 +0000] "GET /scripts/layout.js HTTP/1.1" 404 156 "http://localhost:8080/" "Mozilla/5.0 (Windows NT 10.0; Win64; x64) AppleWebKit/537.36 (KHTML, like Gecko) Chrome/91.0.4472.77 Safari/537.36"
::1 - - [01/Jun/2021:12:27:03 +0000] "GET /scripts/home_posts.js HTTP/1.1" 404 160 "http://localhost:8080/" "Mozilla/5.0 (Windows NT 10.0; Win64; x64) AppleWebKit/537.36 (KHTML, like Gecko) Chrome/91.0.4472.77 Safari/537.36"
::1 - - [01/Jun/2021:12:27:03 +0000] "GET /scripts/chat_engine.js HTTP/1.1" 404 161 "http://localhost:8080/" "Mozilla/5.0 (Windows NT 10.0; Win64; x64) AppleWebKit/537.36 (KHTML, like Gecko) Chrome/91.0.4472.77 Safari/537.36"
::1 - - [01/Jun/2021:12:27:05 +0000] "GET /favicon.ico HTTP/1.1" 404 150 "http://localhost:8080/" "Mozilla/5.0 (Windows NT 10.0; Win64; x64) AppleWebKit/537.36 (KHTML, like Gecko) Chrome/91.0.4472.77 Safari/537.36"
::1 - - [01/Jun/2021:12:27:15 +0000] "GET /post/delete/60b60a20e3afda0107e6e645 HTTP/1.1" 302 46 "http://localhost:8080/" "Mozilla/5.0 (Windows NT 10.0; Win64; x64) AppleWebKit/537.36 (KHTML, like Gecko) Chrome/91.0.4472.77 Safari/537.36"
::1 - - [01/Jun/2021:12:27:15 +0000] "GET / HTTP/1.1" 200 6953 "http://localhost:8080/" "Mozilla/5.0 (Windows NT 10.0; Win64; x64) AppleWebKit/537.36 (KHTML, like Gecko) Chrome/91.0.4472.77 Safari/537.36"
::1 - - [01/Jun/2021:12:27:15 +0000] "GET /css/layout.css HTTP/1.1" 404 153 "http://localhost:8080/" "Mozilla/5.0 (Windows NT 10.0; Win64; x64) AppleWebKit/537.36 (KHTML, like Gecko) Chrome/91.0.4472.77 Safari/537.36"
::1 - - [01/Jun/2021:12:27:15 +0000] "GET /css/home.css HTTP/1.1" 404 151 "http://localhost:8080/" "Mozilla/5.0 (Windows NT 10.0; Win64; x64) AppleWebKit/537.36 (KHTML, like Gecko) Chrome/91.0.4472.77 Safari/537.36"
::1 - - [01/Jun/2021:12:27:15 +0000] "GET /css/postform.css HTTP/1.1" 404 155 "http://localhost:8080/" "Mozilla/5.0 (Windows NT 10.0; Win64; x64) AppleWebKit/537.36 (KHTML, like Gecko) Chrome/91.0.4472.77 Safari/537.36"
::1 - - [01/Jun/2021:12:27:15 +0000] "GET /css/header.css HTTP/1.1" 404 153 "http://localhost:8080/" "Mozilla/5.0 (Windows NT 10.0; Win64; x64) AppleWebKit/537.36 (KHTML, like Gecko) Chrome/91.0.4472.77 Safari/537.36"
::1 - - [01/Jun/2021:12:27:15 +0000] "GET /css/chatbox.css HTTP/1.1" 404 154 "http://localhost:8080/" "Mozilla/5.0 (Windows NT 10.0; Win64; x64) AppleWebKit/537.36 (KHTML, like Gecko) Chrome/91.0.4472.77 Safari/537.36"
::1 - - [01/Jun/2021:12:27:15 +0000] "GET /css/post.css HTTP/1.1" 404 151 "http://localhost:8080/" "Mozilla/5.0 (Windows NT 10.0; Win64; x64) AppleWebKit/537.36 (KHTML, like Gecko) Chrome/91.0.4472.77 Safari/537.36"
::1 - - [01/Jun/2021:12:27:15 +0000] "GET /scripts/layout.js HTTP/1.1" 404 156 "http://localhost:8080/" "Mozilla/5.0 (Windows NT 10.0; Win64; x64) AppleWebKit/537.36 (KHTML, like Gecko) Chrome/91.0.4472.77 Safari/537.36"
::1 - - [01/Jun/2021:12:27:15 +0000] "GET /scripts/home_posts.js HTTP/1.1" 404 160 "http://localhost:8080/" "Mozilla/5.0 (Windows NT 10.0; Win64; x64) AppleWebKit/537.36 (KHTML, like Gecko) Chrome/91.0.4472.77 Safari/537.36"
::1 - - [01/Jun/2021:12:27:15 +0000] "GET /scripts/chat_engine.js HTTP/1.1" 404 161 "http://localhost:8080/" "Mozilla/5.0 (Windows NT 10.0; Win64; x64) AppleWebKit/537.36 (KHTML, like Gecko) Chrome/91.0.4472.77 Safari/537.36"
::1 - - [01/Jun/2021:12:27:16 +0000] "GET /scripts/home_posts.js HTTP/1.1" 404 160 "http://localhost:8080/" "Mozilla/5.0 (Windows NT 10.0; Win64; x64) AppleWebKit/537.36 (KHTML, like Gecko) Chrome/91.0.4472.77 Safari/537.36"
::1 - - [01/Jun/2021:12:27:16 +0000] "GET /scripts/chat_engine.js HTTP/1.1" 404 161 "http://localhost:8080/" "Mozilla/5.0 (Windows NT 10.0; Win64; x64) AppleWebKit/537.36 (KHTML, like Gecko) Chrome/91.0.4472.77 Safari/537.36"
::1 - - [01/Jun/2021:12:27:16 +0000] "GET /post/delete/60b609f7e3afda0107e6e641 HTTP/1.1" 302 46 "http://localhost:8080/" "Mozilla/5.0 (Windows NT 10.0; Win64; x64) AppleWebKit/537.36 (KHTML, like Gecko) Chrome/91.0.4472.77 Safari/537.36"
::1 - - [01/Jun/2021:12:27:16 +0000] "GET / HTTP/1.1" 200 4628 "http://localhost:8080/" "Mozilla/5.0 (Windows NT 10.0; Win64; x64) AppleWebKit/537.36 (KHTML, like Gecko) Chrome/91.0.4472.77 Safari/537.36"
::1 - - [01/Jun/2021:12:27:16 +0000] "GET /css/layout.css HTTP/1.1" 404 153 "http://localhost:8080/" "Mozilla/5.0 (Windows NT 10.0; Win64; x64) AppleWebKit/537.36 (KHTML, like Gecko) Chrome/91.0.4472.77 Safari/537.36"
::1 - - [01/Jun/2021:12:27:16 +0000] "GET /css/home.css HTTP/1.1" 404 151 "http://localhost:8080/" "Mozilla/5.0 (Windows NT 10.0; Win64; x64) AppleWebKit/537.36 (KHTML, like Gecko) Chrome/91.0.4472.77 Safari/537.36"
::1 - - [01/Jun/2021:12:27:17 +0000] "GET /css/header.css HTTP/1.1" 404 153 "http://localhost:8080/" "Mozilla/5.0 (Windows NT 10.0; Win64; x64) AppleWebKit/537.36 (KHTML, like Gecko) Chrome/91.0.4472.77 Safari/537.36"
::1 - - [01/Jun/2021:12:27:17 +0000] "GET /css/postform.css HTTP/1.1" 404 155 "http://localhost:8080/" "Mozilla/5.0 (Windows NT 10.0; Win64; x64) AppleWebKit/537.36 (KHTML, like Gecko) Chrome/91.0.4472.77 Safari/537.36"
::1 - - [01/Jun/2021:12:27:17 +0000] "GET /css/chatbox.css HTTP/1.1" 404 154 "http://localhost:8080/" "Mozilla/5.0 (Windows NT 10.0; Win64; x64) AppleWebKit/537.36 (KHTML, like Gecko) Chrome/91.0.4472.77 Safari/537.36"
::1 - - [01/Jun/2021:12:27:17 +0000] "GET /css/post.css HTTP/1.1" 404 151 "http://localhost:8080/" "Mozilla/5.0 (Windows NT 10.0; Win64; x64) AppleWebKit/537.36 (KHTML, like Gecko) Chrome/91.0.4472.77 Safari/537.36"
::1 - - [01/Jun/2021:12:27:17 +0000] "GET /scripts/layout.js HTTP/1.1" 404 156 "http://localhost:8080/" "Mozilla/5.0 (Windows NT 10.0; Win64; x64) AppleWebKit/537.36 (KHTML, like Gecko) Chrome/91.0.4472.77 Safari/537.36"
::1 - - [01/Jun/2021:12:27:17 +0000] "GET /scripts/home_posts.js HTTP/1.1" 404 160 "http://localhost:8080/" "Mozilla/5.0 (Windows NT 10.0; Win64; x64) AppleWebKit/537.36 (KHTML, like Gecko) Chrome/91.0.4472.77 Safari/537.36"
::1 - - [01/Jun/2021:12:27:17 +0000] "GET /scripts/chat_engine.js HTTP/1.1" 404 161 "http://localhost:8080/" "Mozilla/5.0 (Windows NT 10.0; Win64; x64) AppleWebKit/537.36 (KHTML, like Gecko) Chrome/91.0.4472.77 Safari/537.36"
::1 - - [01/Jun/2021:12:27:17 +0000] "GET /scripts/home_posts.js HTTP/1.1" 404 160 "http://localhost:8080/" "Mozilla/5.0 (Windows NT 10.0; Win64; x64) AppleWebKit/537.36 (KHTML, like Gecko) Chrome/91.0.4472.77 Safari/537.36"
::1 - - [01/Jun/2021:12:27:17 +0000] "GET /scripts/chat_engine.js HTTP/1.1" 404 161 "http://localhost:8080/" "Mozilla/5.0 (Windows NT 10.0; Win64; x64) AppleWebKit/537.36 (KHTML, like Gecko) Chrome/91.0.4472.77 Safari/537.36"
::1 - - [01/Jun/2021:12:28:50 +0000] "GET / HTTP/1.1" 200 4350 "http://localhost:8080/" "Mozilla/5.0 (Windows NT 10.0; Win64; x64) AppleWebKit/537.36 (KHTML, like Gecko) Chrome/91.0.4472.77 Safari/537.36"
::1 - - [01/Jun/2021:12:28:50 +0000] "GET /css/layout.css HTTP/1.1" 404 153 "http://localhost:8080/" "Mozilla/5.0 (Windows NT 10.0; Win64; x64) AppleWebKit/537.36 (KHTML, like Gecko) Chrome/91.0.4472.77 Safari/537.36"
::1 - - [01/Jun/2021:12:28:50 +0000] "GET /css/home.css HTTP/1.1" 404 151 "http://localhost:8080/" "Mozilla/5.0 (Windows NT 10.0; Win64; x64) AppleWebKit/537.36 (KHTML, like Gecko) Chrome/91.0.4472.77 Safari/537.36"
::1 - - [01/Jun/2021:12:28:50 +0000] "GET /css/post.css HTTP/1.1" 404 151 "http://localhost:8080/" "Mozilla/5.0 (Windows NT 10.0; Win64; x64) AppleWebKit/537.36 (KHTML, like Gecko) Chrome/91.0.4472.77 Safari/537.36"
::1 - - [01/Jun/2021:12:28:50 +0000] "GET /css/postform.css HTTP/1.1" 404 155 "http://localhost:8080/" "Mozilla/5.0 (Windows NT 10.0; Win64; x64) AppleWebKit/537.36 (KHTML, like Gecko) Chrome/91.0.4472.77 Safari/537.36"
::1 - - [01/Jun/2021:12:28:50 +0000] "GET /css/header.css HTTP/1.1" 404 153 "http://localhost:8080/" "Mozilla/5.0 (Windows NT 10.0; Win64; x64) AppleWebKit/537.36 (KHTML, like Gecko) Chrome/91.0.4472.77 Safari/537.36"
::1 - - [01/Jun/2021:12:28:50 +0000] "GET /css/chatbox.css HTTP/1.1" 404 154 "http://localhost:8080/" "Mozilla/5.0 (Windows NT 10.0; Win64; x64) AppleWebKit/537.36 (KHTML, like Gecko) Chrome/91.0.4472.77 Safari/537.36"
::1 - - [01/Jun/2021:12:28:50 +0000] "GET /scripts/layout.js HTTP/1.1" 404 156 "http://localhost:8080/" "Mozilla/5.0 (Windows NT 10.0; Win64; x64) AppleWebKit/537.36 (KHTML, like Gecko) Chrome/91.0.4472.77 Safari/537.36"
::1 - - [01/Jun/2021:12:28:50 +0000] "GET /scripts/home_posts.js HTTP/1.1" 404 160 "http://localhost:8080/" "Mozilla/5.0 (Windows NT 10.0; Win64; x64) AppleWebKit/537.36 (KHTML, like Gecko) Chrome/91.0.4472.77 Safari/537.36"
::1 - - [01/Jun/2021:12:28:50 +0000] "GET /scripts/chat_engine.js HTTP/1.1" 404 161 "http://localhost:8080/" "Mozilla/5.0 (Windows NT 10.0; Win64; x64) AppleWebKit/537.36 (KHTML, like Gecko) Chrome/91.0.4472.77 Safari/537.36"
::1 - - [01/Jun/2021:12:28:51 +0000] "GET /scripts/home_posts.js HTTP/1.1" 404 160 "http://localhost:8080/" "Mozilla/5.0 (Windows NT 10.0; Win64; x64) AppleWebKit/537.36 (KHTML, like Gecko) Chrome/91.0.4472.77 Safari/537.36"
::1 - - [01/Jun/2021:12:28:51 +0000] "GET /scripts/chat_engine.js HTTP/1.1" 404 161 "http://localhost:8080/" "Mozilla/5.0 (Windows NT 10.0; Win64; x64) AppleWebKit/537.36 (KHTML, like Gecko) Chrome/91.0.4472.77 Safari/537.36"
::1 - - [01/Jun/2021:12:29:08 +0000] "GET / HTTP/1.1" 304 - "http://localhost:8080/" "Mozilla/5.0 (Windows NT 10.0; Win64; x64) AppleWebKit/537.36 (KHTML, like Gecko) Chrome/91.0.4472.77 Safari/537.36"
::1 - - [01/Jun/2021:12:29:22 +0000] "POST /post/create HTTP/1.1" 200 453 "http://localhost:8080/" "Mozilla/5.0 (Windows NT 10.0; Win64; x64) AppleWebKit/537.36 (KHTML, like Gecko) Chrome/91.0.4472.77 Safari/537.36"
::1 - - [01/Jun/2021:12:29:32 +0000] "POST /comment/create HTTP/1.1" 302 88 "http://localhost:8080/" "Mozilla/5.0 (Windows NT 10.0; Win64; x64) AppleWebKit/537.36 (KHTML, like Gecko) Chrome/91.0.4472.77 Safari/537.36"
::1 - - [01/Jun/2021:12:29:32 +0000] "GET / HTTP/1.1" 200 6392 "http://localhost:8080/" "Mozilla/5.0 (Windows NT 10.0; Win64; x64) AppleWebKit/537.36 (KHTML, like Gecko) Chrome/91.0.4472.77 Safari/537.36"
::1 - - [01/Jun/2021:12:29:36 +0000] "POST /comment/create HTTP/1.1" 200 458 "http://localhost:8080/" "Mozilla/5.0 (Windows NT 10.0; Win64; x64) AppleWebKit/537.36 (KHTML, like Gecko) Chrome/91.0.4472.77 Safari/537.36"
::ffff:127.0.0.1 - - [01/Jun/2021:12:30:14 +0000] "GET / HTTP/1.1" 200 4478 "-" "Mozilla/5.0 (Windows NT 10.0; Win64; x64; rv:88.0) Gecko/20100101 Firefox/88.0"
::1 - - [01/Jun/2021:12:30:32 +0000] "POST /post/create HTTP/1.1" 200 453 "http://localhost:8080/" "Mozilla/5.0 (Windows NT 10.0; Win64; x64) AppleWebKit/537.36 (KHTML, like Gecko) Chrome/91.0.4472.77 Safari/537.36"
::ffff:127.0.0.1 - - [01/Jun/2021:12:30:34 +0000] "GET / HTTP/1.1" 200 5080 "-" "Mozilla/5.0 (Windows NT 10.0; Win64; x64; rv:88.0) Gecko/20100101 Firefox/88.0"
::1 - - [01/Jun/2021:12:30:40 +0000] "POST /comment/create HTTP/1.1" 302 88 "http://localhost:8080/" "Mozilla/5.0 (Windows NT 10.0; Win64; x64) AppleWebKit/537.36 (KHTML, like Gecko) Chrome/91.0.4472.77 Safari/537.36"
::1 - - [01/Jun/2021:12:30:40 +0000] "GET / HTTP/1.1" 200 8725 "http://localhost:8080/" "Mozilla/5.0 (Windows NT 10.0; Win64; x64) AppleWebKit/537.36 (KHTML, like Gecko) Chrome/91.0.4472.77 Safari/537.36"
::ffff:127.0.0.1 - - [01/Jun/2021:12:30:43 +0000] "GET / HTTP/1.1" 200 5466 "-" "Mozilla/5.0 (Windows NT 10.0; Win64; x64; rv:88.0) Gecko/20100101 Firefox/88.0"
::ffff:127.0.0.1 - - [01/Jun/2021:12:30:47 +0000] "GET /user/sign-in HTTP/1.1" 304 - "http://localhost:8080/" "Mozilla/5.0 (Windows NT 10.0; Win64; x64; rv:88.0) Gecko/20100101 Firefox/88.0"
::ffff:127.0.0.1 - - [01/Jun/2021:12:30:50 +0000] "GET /user/sign-up HTTP/1.1" 200 3856 "http://localhost:8080/user/sign-in" "Mozilla/5.0 (Windows NT 10.0; Win64; x64; rv:88.0) Gecko/20100101 Firefox/88.0"
::ffff:127.0.0.1 - - [01/Jun/2021:12:31:08 +0000] "POST /user/create HTTP/1.1" 302 70 "http://localhost:8080/user/sign-up" "Mozilla/5.0 (Windows NT 10.0; Win64; x64; rv:88.0) Gecko/20100101 Firefox/88.0"
::ffff:127.0.0.1 - - [01/Jun/2021:12:31:09 +0000] "GET /user/sign-in HTTP/1.1" 200 3636 "http://localhost:8080/user/sign-up" "Mozilla/5.0 (Windows NT 10.0; Win64; x64; rv:88.0) Gecko/20100101 Firefox/88.0"
::ffff:127.0.0.1 - - [01/Jun/2021:12:31:20 +0000] "POST /user/create-session HTTP/1.1" 302 46 "http://localhost:8080/user/sign-in" "Mozilla/5.0 (Windows NT 10.0; Win64; x64; rv:88.0) Gecko/20100101 Firefox/88.0"
::ffff:127.0.0.1 - - [01/Jun/2021:12:31:20 +0000] "GET / HTTP/1.1" 200 8139 "http://localhost:8080/user/sign-in" "Mozilla/5.0 (Windows NT 10.0; Win64; x64; rv:88.0) Gecko/20100101 Firefox/88.0"
::ffff:127.0.0.1 - - [01/Jun/2021:12:32:15 +0000] "GET / HTTP/1.1" 200 7864 "http://localhost:8080/user/sign-in" "Mozilla/5.0 (Windows NT 10.0; Win64; x64; rv:88.0) Gecko/20100101 Firefox/88.0"
::1 - - [01/Jun/2021:12:32:20 +0000] "GET / HTTP/1.1" 200 8631 "http://localhost:8080/" "Mozilla/5.0 (Windows NT 10.0; Win64; x64) AppleWebKit/537.36 (KHTML, like Gecko) Chrome/91.0.4472.77 Safari/537.36"
::ffff:127.0.0.1 - - [01/Jun/2021:12:32:29 +0000] "GET /user/profile/60b609dce3afda0107e6e640 HTTP/1.1" 200 2502 "http://localhost:8080/" "Mozilla/5.0 (Windows NT 10.0; Win64; x64; rv:88.0) Gecko/20100101 Firefox/88.0"
::1 - - [01/Jun/2021:12:32:34 +0000] "GET /user/profile/60b6288c2c545500972b599c HTTP/1.1" 200 2485 "http://localhost:8080/" "Mozilla/5.0 (Windows NT 10.0; Win64; x64) AppleWebKit/537.36 (KHTML, like Gecko) Chrome/91.0.4472.77 Safari/537.36"
::ffff:127.0.0.1 - - [01/Jun/2021:12:32:42 +0000] "GET /user/profile/60b6288c2c545500972b599c HTTP/1.1" 200 2904 "http://localhost:8080/user/profile/60b609dce3afda0107e6e640" "Mozilla/5.0 (Windows NT 10.0; Win64; x64; rv:88.0) Gecko/20100101 Firefox/88.0"
::ffff:127.0.0.1 - - [01/Jun/2021:12:33:05 +0000] "POST /user/update-profile/60b6288c2c545500972b599c HTTP/1.1" 302 162 "http://localhost:8080/user/profile/60b6288c2c545500972b599c" "Mozilla/5.0 (Windows NT 10.0; Win64; x64; rv:88.0) Gecko/20100101 Firefox/88.0"
::ffff:127.0.0.1 - - [01/Jun/2021:12:33:05 +0000] "GET /user/profile/60b6288c2c545500972b599c HTTP/1.1" 200 2922 "http://localhost:8080/user/profile/60b6288c2c545500972b599c" "Mozilla/5.0 (Windows NT 10.0; Win64; x64; rv:88.0) Gecko/20100101 Firefox/88.0"
::1 - - [01/Jun/2021:12:33:10 +0000] "GET /user/profile/60b6288c2c545500972b599c HTTP/1.1" 200 2503 "http://localhost:8080/" "Mozilla/5.0 (Windows NT 10.0; Win64; x64) AppleWebKit/537.36 (KHTML, like Gecko) Chrome/91.0.4472.77 Safari/537.36"
::ffff:127.0.0.1 - - [01/Jun/2021:12:33:14 +0000] "GET / HTTP/1.1" 304 - "http://localhost:8080/user/profile/60b6288c2c545500972b599c" "Mozilla/5.0 (Windows NT 10.0; Win64; x64; rv:88.0) Gecko/20100101 Firefox/88.0"
::1 - - [01/Jun/2021:12:33:44 +0000] "GET /user/sign-out HTTP/1.1" 302 46 "http://localhost:8080/user/profile/60b6288c2c545500972b599c" "Mozilla/5.0 (Windows NT 10.0; Win64; x64) AppleWebKit/537.36 (KHTML, like Gecko) Chrome/91.0.4472.77 Safari/537.36"
::1 - - [01/Jun/2021:12:33:44 +0000] "GET / HTTP/1.1" 200 5743 "http://localhost:8080/user/profile/60b6288c2c545500972b599c" "Mozilla/5.0 (Windows NT 10.0; Win64; x64) AppleWebKit/537.36 (KHTML, like Gecko) Chrome/91.0.4472.77 Safari/537.36"
::1 - - [01/Jun/2021:13:28:01 +0000] "GET / HTTP/1.1" 500 148 "-" "Mozilla/5.0 (Windows NT 10.0; Win64; x64) AppleWebKit/537.36 (KHTML, like Gecko) Chrome/91.0.4472.77 Safari/537.36"
::1 - - [01/Jun/2021:13:28:04 +0000] "GET / HTTP/1.1" 500 148 "-" "Mozilla/5.0 (Windows NT 10.0; Win64; x64) AppleWebKit/537.36 (KHTML, like Gecko) Chrome/91.0.4472.77 Safari/537.36"
::1 - - [01/Jun/2021:13:30:02 +0000] "GET / HTTP/1.1" 500 148 "-" "Mozilla/5.0 (Windows NT 10.0; Win64; x64) AppleWebKit/537.36 (KHTML, like Gecko) Chrome/91.0.4472.77 Safari/537.36"
::1 - - [01/Jun/2021:13:30:15 +0000] "GET /users/sign-in HTTP/1.1" 404 152 "-" "Mozilla/5.0 (Windows NT 10.0; Win64; x64) AppleWebKit/537.36 (KHTML, like Gecko) Chrome/91.0.4472.77 Safari/537.36"
::1 - - [01/Jun/2021:13:30:43 +0000] "GET /users/sign-in HTTP/1.1" 404 152 "-" "Mozilla/5.0 (Windows NT 10.0; Win64; x64) AppleWebKit/537.36 (KHTML, like Gecko) Chrome/91.0.4472.77 Safari/537.36"
::1 - - [01/Jun/2021:13:30:45 +0000] "GET /users/sign-in HTTP/1.1" 404 152 "-" "Mozilla/5.0 (Windows NT 10.0; Win64; x64) AppleWebKit/537.36 (KHTML, like Gecko) Chrome/91.0.4472.77 Safari/537.36"
::1 - - [01/Jun/2021:13:30:55 +0000] "GET /user/sign-in HTTP/1.1" 500 148 "-" "Mozilla/5.0 (Windows NT 10.0; Win64; x64) AppleWebKit/537.36 (KHTML, like Gecko) Chrome/91.0.4472.77 Safari/537.36"
::1 - - [01/Jun/2021:13:32:07 +0000] "GET /user/sign-in HTTP/1.1" 200 3382 "-" "Mozilla/5.0 (Windows NT 10.0; Win64; x64) AppleWebKit/537.36 (KHTML, like Gecko) Chrome/91.0.4472.77 Safari/537.36"
::1 - - [01/Jun/2021:13:32:07 +0000] "GET /undefined HTTP/1.1" 404 148 "http://localhost:8080/user/sign-in" "Mozilla/5.0 (Windows NT 10.0; Win64; x64) AppleWebKit/537.36 (KHTML, like Gecko) Chrome/91.0.4472.77 Safari/537.36"
::1 - - [01/Jun/2021:13:32:07 +0000] "GET /undefined HTTP/1.1" 404 148 "http://localhost:8080/user/sign-in" "Mozilla/5.0 (Windows NT 10.0; Win64; x64) AppleWebKit/537.36 (KHTML, like Gecko) Chrome/91.0.4472.77 Safari/537.36"
::1 - - [01/Jun/2021:13:32:08 +0000] "GET /favicon.ico HTTP/1.1" 404 150 "http://localhost:8080/user/sign-in" "Mozilla/5.0 (Windows NT 10.0; Win64; x64) AppleWebKit/537.36 (KHTML, like Gecko) Chrome/91.0.4472.77 Safari/537.36"
::1 - - [01/Jun/2021:13:32:12 +0000] "POST /user/create-session HTTP/1.1" 302 46 "http://localhost:8080/user/sign-in" "Mozilla/5.0 (Windows NT 10.0; Win64; x64) AppleWebKit/537.36 (KHTML, like Gecko) Chrome/91.0.4472.77 Safari/537.36"
::1 - - [01/Jun/2021:13:32:12 +0000] "GET / HTTP/1.1" 200 8939 "http://localhost:8080/user/sign-in" "Mozilla/5.0 (Windows NT 10.0; Win64; x64) AppleWebKit/537.36 (KHTML, like Gecko) Chrome/91.0.4472.77 Safari/537.36"
::1 - - [01/Jun/2021:13:32:12 +0000] "GET /undefined HTTP/1.1" 404 148 "http://localhost:8080/" "Mozilla/5.0 (Windows NT 10.0; Win64; x64) AppleWebKit/537.36 (KHTML, like Gecko) Chrome/91.0.4472.77 Safari/537.36"
::1 - - [01/Jun/2021:13:32:13 +0000] "GET /undefined HTTP/1.1" 404 148 "http://localhost:8080/" "Mozilla/5.0 (Windows NT 10.0; Win64; x64) AppleWebKit/537.36 (KHTML, like Gecko) Chrome/91.0.4472.77 Safari/537.36"
::1 - - [01/Jun/2021:13:32:13 +0000] "GET /undefined HTTP/1.1" 404 148 "http://localhost:8080/" "Mozilla/5.0 (Windows NT 10.0; Win64; x64) AppleWebKit/537.36 (KHTML, like Gecko) Chrome/91.0.4472.77 Safari/537.36"
::1 - - [01/Jun/2021:13:32:19 +0000] "GET /?text=Gomen HTTP/1.1" 200 8664 "http://localhost:8080/" "Mozilla/5.0 (Windows NT 10.0; Win64; x64) AppleWebKit/537.36 (KHTML, like Gecko) Chrome/91.0.4472.77 Safari/537.36"
::1 - - [01/Jun/2021:13:32:19 +0000] "GET /undefined HTTP/1.1" 404 148 "http://localhost:8080/?text=Gomen" "Mozilla/5.0 (Windows NT 10.0; Win64; x64) AppleWebKit/537.36 (KHTML, like Gecko) Chrome/91.0.4472.77 Safari/537.36"
::1 - - [01/Jun/2021:13:32:19 +0000] "GET /undefined HTTP/1.1" 404 148 "http://localhost:8080/?text=Gomen" "Mozilla/5.0 (Windows NT 10.0; Win64; x64) AppleWebKit/537.36 (KHTML, like Gecko) Chrome/91.0.4472.77 Safari/537.36"
::1 - - [01/Jun/2021:13:32:20 +0000] "GET /undefined HTTP/1.1" 404 148 "http://localhost:8080/?text=Gomen" "Mozilla/5.0 (Windows NT 10.0; Win64; x64) AppleWebKit/537.36 (KHTML, like Gecko) Chrome/91.0.4472.77 Safari/537.36"
::1 - - [01/Jun/2021:13:32:20 +0000] "GET /undefined HTTP/1.1" 404 148 "http://localhost:8080/?text=Gomen" "Mozilla/5.0 (Windows NT 10.0; Win64; x64) AppleWebKit/537.36 (KHTML, like Gecko) Chrome/91.0.4472.77 Safari/537.36"
::1 - - [01/Jun/2021:13:32:27 +0000] "GET /?text=Gomennesai HTTP/1.1" 200 8664 "http://localhost:8080/?text=Gomen" "Mozilla/5.0 (Windows NT 10.0; Win64; x64) AppleWebKit/537.36 (KHTML, like Gecko) Chrome/91.0.4472.77 Safari/537.36"
::1 - - [01/Jun/2021:13:32:27 +0000] "GET /undefined HTTP/1.1" 404 148 "http://localhost:8080/?text=Gomennesai" "Mozilla/5.0 (Windows NT 10.0; Win64; x64) AppleWebKit/537.36 (KHTML, like Gecko) Chrome/91.0.4472.77 Safari/537.36"
::1 - - [01/Jun/2021:13:32:28 +0000] "GET /undefined HTTP/1.1" 404 148 "http://localhost:8080/?text=Gomennesai" "Mozilla/5.0 (Windows NT 10.0; Win64; x64) AppleWebKit/537.36 (KHTML, like Gecko) Chrome/91.0.4472.77 Safari/537.36"
::1 - - [01/Jun/2021:13:32:28 +0000] "GET /undefined HTTP/1.1" 404 148 "http://localhost:8080/?text=Gomennesai" "Mozilla/5.0 (Windows NT 10.0; Win64; x64) AppleWebKit/537.36 (KHTML, like Gecko) Chrome/91.0.4472.77 Safari/537.36"
::1 - - [01/Jun/2021:13:33:07 +0000] "GET /?text=Gomennesai HTTP/1.1" 304 - "http://localhost:8080/?text=Gomen" "Mozilla/5.0 (Windows NT 10.0; Win64; x64) AppleWebKit/537.36 (KHTML, like Gecko) Chrome/91.0.4472.77 Safari/537.36"
::1 - - [01/Jun/2021:13:33:07 +0000] "GET /undefined HTTP/1.1" 404 148 "http://localhost:8080/?text=Gomennesai" "Mozilla/5.0 (Windows NT 10.0; Win64; x64) AppleWebKit/537.36 (KHTML, like Gecko) Chrome/91.0.4472.77 Safari/537.36"
::1 - - [01/Jun/2021:13:33:08 +0000] "GET /undefined HTTP/1.1" 404 148 "http://localhost:8080/?text=Gomennesai" "Mozilla/5.0 (Windows NT 10.0; Win64; x64) AppleWebKit/537.36 (KHTML, like Gecko) Chrome/91.0.4472.77 Safari/537.36"
::1 - - [01/Jun/2021:13:33:08 +0000] "GET /undefined HTTP/1.1" 404 148 "http://localhost:8080/?text=Gomennesai" "Mozilla/5.0 (Windows NT 10.0; Win64; x64) AppleWebKit/537.36 (KHTML, like Gecko) Chrome/91.0.4472.77 Safari/537.36"
::1 - - [01/Jun/2021:13:40:33 +0000] "GET /?text=Gomennesai HTTP/1.1" 200 8730 "http://localhost:8080/?text=Gomen" "Mozilla/5.0 (Windows NT 10.0; Win64; x64) AppleWebKit/537.36 (KHTML, like Gecko) Chrome/91.0.4472.77 Safari/537.36"
::1 - - [01/Jun/2021:13:40:43 +0000] "GET /?text=Gomennesai HTTP/1.1" 304 - "http://localhost:8080/?text=Gomen" "Mozilla/5.0 (Windows NT 10.0; Win64; x64) AppleWebKit/537.36 (KHTML, like Gecko) Chrome/91.0.4472.77 Safari/537.36"
::1 - - [01/Jun/2021:13:40:46 +0000] "GET / HTTP/1.1" 200 8730 "-" "Mozilla/5.0 (Windows NT 10.0; Win64; x64) AppleWebKit/537.36 (KHTML, like Gecko) Chrome/91.0.4472.77 Safari/537.36"
::1 - - [01/Jun/2021:13:41:01 +0000] "GET /user/profile/60b6288c2c545500972b599c HTTP/1.1" 200 2547 "http://localhost:8080/" "Mozilla/5.0 (Windows NT 10.0; Win64; x64) AppleWebKit/537.36 (KHTML, like Gecko) Chrome/91.0.4472.77 Safari/537.36"
::1 - - [01/Jun/2021:13:41:03 +0000] "GET / HTTP/1.1" 304 - "http://localhost:8080/user/profile/60b6288c2c545500972b599c" "Mozilla/5.0 (Windows NT 10.0; Win64; x64) AppleWebKit/537.36 (KHTML, like Gecko) Chrome/91.0.4472.77 Safari/537.36"
::1 - - [01/Jun/2021:17:46:26 +0000] "GET / HTTP/1.1" 304 - "http://localhost:8080/user/profile/60b6288c2c545500972b599c" "Mozilla/5.0 (Windows NT 10.0; Win64; x64) AppleWebKit/537.36 (KHTML, like Gecko) Chrome/91.0.4472.77 Safari/537.36"
::1 - - [01/Jun/2021:17:46:32 +0000] "GET /user/sign-out HTTP/1.1" 302 46 "http://localhost:8080/" "Mozilla/5.0 (Windows NT 10.0; Win64; x64) AppleWebKit/537.36 (KHTML, like Gecko) Chrome/91.0.4472.77 Safari/537.36"
::1 - - [01/Jun/2021:17:46:32 +0000] "GET / HTTP/1.1" 200 5820 "http://localhost:8080/" "Mozilla/5.0 (Windows NT 10.0; Win64; x64) AppleWebKit/537.36 (KHTML, like Gecko) Chrome/91.0.4472.77 Safari/537.36"
::1 - - [01/Jun/2021:17:46:37 +0000] "GET /user/sign-up HTTP/1.1" 200 3880 "http://localhost:8080/" "Mozilla/5.0 (Windows NT 10.0; Win64; x64) AppleWebKit/537.36 (KHTML, like Gecko) Chrome/91.0.4472.77 Safari/537.36"
::1 - - [01/Jun/2021:17:46:37 +0000] "GET /undefined HTTP/1.1" 404 148 "http://localhost:8080/user/sign-up" "Mozilla/5.0 (Windows NT 10.0; Win64; x64) AppleWebKit/537.36 (KHTML, like Gecko) Chrome/91.0.4472.77 Safari/537.36"
::1 - - [01/Jun/2021:17:46:39 +0000] "GET /user/oauth/google HTTP/1.1" 302 0 "http://localhost:8080/user/sign-up" "Mozilla/5.0 (Windows NT 10.0; Win64; x64) AppleWebKit/537.36 (KHTML, like Gecko) Chrome/91.0.4472.77 Safari/537.36"
::1 - - [01/Jun/2021:17:50:32 +0000] "GET /user/sign-in HTTP/1.1" 200 3370 "http://localhost:8080/user/sign-up" "Mozilla/5.0 (Windows NT 10.0; Win64; x64) AppleWebKit/537.36 (KHTML, like Gecko) Chrome/91.0.4472.77 Safari/537.36"
::1 - - [01/Jun/2021:17:50:33 +0000] "GET /undefined HTTP/1.1" 404 148 "http://localhost:8080/user/sign-in" "Mozilla/5.0 (Windows NT 10.0; Win64; x64) AppleWebKit/537.36 (KHTML, like Gecko) Chrome/91.0.4472.77 Safari/537.36"
::1 - - [01/Jun/2021:17:50:34 +0000] "GET /user/sign-up HTTP/1.1" 304 - "http://localhost:8080/user/sign-in" "Mozilla/5.0 (Windows NT 10.0; Win64; x64) AppleWebKit/537.36 (KHTML, like Gecko) Chrome/91.0.4472.77 Safari/537.36"
::1 - - [01/Jun/2021:17:50:35 +0000] "GET /undefined HTTP/1.1" 404 148 "http://localhost:8080/user/sign-up" "Mozilla/5.0 (Windows NT 10.0; Win64; x64) AppleWebKit/537.36 (KHTML, like Gecko) Chrome/91.0.4472.77 Safari/537.36"
::1 - - [01/Jun/2021:17:50:37 +0000] "GET / HTTP/1.1" 200 5543 "http://localhost:8080/user/sign-up" "Mozilla/5.0 (Windows NT 10.0; Win64; x64) AppleWebKit/537.36 (KHTML, like Gecko) Chrome/91.0.4472.77 Safari/537.36"
::1 - - [01/Jun/2021:17:55:32 +0000] "GET / HTTP/1.1" 304 - "http://localhost:8080/user/sign-up" "Mozilla/5.0 (Windows NT 10.0; Win64; x64) AppleWebKit/537.36 (KHTML, like Gecko) Chrome/91.0.4472.77 Safari/537.36"
